<?xml version="1.0" encoding="UTF-8"?>
<!-- Generated by org.testng.reporters.JUnitReportReporter -->
<testsuite hostname="DHANWIN" failures="0" tests="2" name="com.testing.Test2" time="0.023" errors="0" timestamp="2021-10-28T20:49:48 IST" skipped="0">
  <testcase classname="com.testing.Test2" name="testCase2" time="0.013"/>
  <system-out/>
  <testcase classname="com.testing.Test2" name="testCase1" time="0.010"/>
  <system-out/>
</testsuite> <!-- com.testing.Test2 -->
