<?xml version="1.0" encoding="UTF-8"?>
<!-- Generated by org.testng.reporters.JUnitReportReporter -->
<testsuite hostname="DHANWIN" failures="0" tests="1" name="com.testing.Test1" time="0.036" errors="0" timestamp="2021-10-28T20:48:29 IST" skipped="0">
  <testcase classname="com.testing.Test1" name="verifyHomepageTitle" time="0.036"/>
  <system-out/>
</testsuite> <!-- com.testing.Test1 -->
